<?xml version="1.0" encoding="UTF-8"?>
<coverage generated="1761910960893" clover="3.2.0">
  <project timestamp="1761910960893" name="All files">
    <metrics statements="406" coveredstatements="406" conditionals="27" coveredconditionals="27" methods="14" coveredmethods="14" elements="447" coveredelements="447" complexity="0" loc="406" ncloc="406" packages="4" files="9" classes="9"/>
    <package name="components">
      <metrics statements="99" coveredstatements="99" conditionals="2" coveredconditionals="2" methods="1" coveredmethods="1"/>
      <file name="trip-card.tsx" path="/Users/akibrahim/Downloads/fox-adventures/components/trip-card.tsx">
        <metrics statements="99" coveredstatements="99" conditionals="2" coveredconditionals="2" methods="1" coveredmethods="1"/>
        <line num="1" count="1" type="stmt"/>
        <line num="2" count="1" type="stmt"/>
        <line num="3" count="1" type="stmt"/>
        <line num="4" count="1" type="stmt"/>
        <line num="5" count="1" type="stmt"/>
        <line num="6" count="1" type="stmt"/>
        <line num="7" count="1" type="stmt"/>
        <line num="8" count="1" type="stmt"/>
        <line num="9" count="1" type="stmt"/>
        <line num="10" count="1" type="stmt"/>
        <line num="11" count="1" type="stmt"/>
        <line num="12" count="1" type="stmt"/>
        <line num="13" count="1" type="stmt"/>
        <line num="14" count="1" type="stmt"/>
        <line num="15" count="1" type="stmt"/>
        <line num="16" count="1" type="stmt"/>
        <line num="17" count="1" type="stmt"/>
        <line num="18" count="1" type="stmt"/>
        <line num="19" count="1" type="stmt"/>
        <line num="20" count="1" type="stmt"/>
        <line num="21" count="49" type="cond" truecount="1" falsecount="0"/>
        <line num="22" count="49" type="stmt"/>
        <line num="23" count="49" type="stmt"/>
        <line num="24" count="49" type="stmt"/>
        <line num="25" count="49" type="stmt"/>
        <line num="26" count="49" type="stmt"/>
        <line num="27" count="49" type="stmt"/>
        <line num="28" count="49" type="stmt"/>
        <line num="29" count="49" type="stmt"/>
        <line num="30" count="49" type="stmt"/>
        <line num="31" count="49" type="stmt"/>
        <line num="32" count="49" type="stmt"/>
        <line num="33" count="49" type="stmt"/>
        <line num="34" count="49" type="stmt"/>
        <line num="35" count="49" type="stmt"/>
        <line num="36" count="49" type="stmt"/>
        <line num="37" count="49" type="stmt"/>
        <line num="38" count="49" type="stmt"/>
        <line num="39" count="49" type="stmt"/>
        <line num="40" count="49" type="stmt"/>
        <line num="41" count="49" type="stmt"/>
        <line num="42" count="49" type="stmt"/>
        <line num="43" count="49" type="stmt"/>
        <line num="44" count="49" type="stmt"/>
        <line num="45" count="49" type="stmt"/>
        <line num="46" count="49" type="stmt"/>
        <line num="47" count="49" type="stmt"/>
        <line num="48" count="49" type="stmt"/>
        <line num="49" count="49" type="stmt"/>
        <line num="50" count="49" type="stmt"/>
        <line num="51" count="49" type="stmt"/>
        <line num="52" count="49" type="stmt"/>
        <line num="53" count="49" type="stmt"/>
        <line num="54" count="49" type="stmt"/>
        <line num="55" count="49" type="cond" truecount="1" falsecount="0"/>
        <line num="56" count="49" type="stmt"/>
        <line num="57" count="49" type="stmt"/>
        <line num="58" count="49" type="stmt"/>
        <line num="59" count="49" type="stmt"/>
        <line num="60" count="49" type="stmt"/>
        <line num="61" count="49" type="stmt"/>
        <line num="62" count="49" type="stmt"/>
        <line num="63" count="49" type="stmt"/>
        <line num="64" count="49" type="stmt"/>
        <line num="65" count="49" type="stmt"/>
        <line num="66" count="49" type="stmt"/>
        <line num="67" count="49" type="stmt"/>
        <line num="68" count="49" type="stmt"/>
        <line num="69" count="49" type="stmt"/>
        <line num="70" count="49" type="stmt"/>
        <line num="71" count="49" type="stmt"/>
        <line num="72" count="49" type="stmt"/>
        <line num="73" count="49" type="stmt"/>
        <line num="74" count="49" type="stmt"/>
        <line num="75" count="49" type="stmt"/>
        <line num="76" count="49" type="stmt"/>
        <line num="77" count="49" type="stmt"/>
        <line num="78" count="49" type="stmt"/>
        <line num="79" count="49" type="stmt"/>
        <line num="80" count="49" type="stmt"/>
        <line num="81" count="49" type="stmt"/>
        <line num="82" count="49" type="stmt"/>
        <line num="83" count="49" type="stmt"/>
        <line num="84" count="49" type="stmt"/>
        <line num="85" count="49" type="stmt"/>
        <line num="86" count="49" type="stmt"/>
        <line num="87" count="49" type="stmt"/>
        <line num="88" count="49" type="stmt"/>
        <line num="89" count="49" type="stmt"/>
        <line num="90" count="49" type="stmt"/>
        <line num="91" count="49" type="stmt"/>
        <line num="92" count="49" type="stmt"/>
        <line num="93" count="49" type="stmt"/>
        <line num="94" count="49" type="stmt"/>
        <line num="95" count="49" type="stmt"/>
        <line num="96" count="49" type="stmt"/>
        <line num="97" count="49" type="stmt"/>
        <line num="98" count="49" type="stmt"/>
        <line num="99" count="49" type="stmt"/>
      </file>
    </package>
    <package name="components.ui">
      <metrics statements="55" coveredstatements="55" conditionals="2" coveredconditionals="2" methods="2" coveredmethods="2"/>
      <file name="input.tsx" path="/Users/akibrahim/Downloads/fox-adventures/components/ui/input.tsx">
        <metrics statements="37" coveredstatements="37" conditionals="1" coveredconditionals="1" methods="1" coveredmethods="1"/>
        <line num="1" count="1" type="stmt"/>
        <line num="2" count="1" type="stmt"/>
        <line num="3" count="1" type="stmt"/>
        <line num="4" count="1" type="stmt"/>
        <line num="5" count="1" type="stmt"/>
        <line num="6" count="1" type="stmt"/>
        <line num="7" count="1" type="stmt"/>
        <line num="8" count="1" type="stmt"/>
        <line num="9" count="1" type="stmt"/>
        <line num="10" count="1" type="stmt"/>
        <line num="11" count="1" type="stmt"/>
        <line num="12" count="1" type="stmt"/>
        <line num="13" count="1" type="stmt"/>
        <line num="14" count="1" type="stmt"/>
        <line num="15" count="1" type="stmt"/>
        <line num="16" count="1" type="stmt"/>
        <line num="17" count="1" type="stmt"/>
        <line num="18" count="1" type="stmt"/>
        <line num="19" count="1" type="stmt"/>
        <line num="20" count="1" type="stmt"/>
        <line num="21" count="1" type="stmt"/>
        <line num="22" count="1" type="stmt"/>
        <line num="23" count="1" type="stmt"/>
        <line num="24" count="1" type="stmt"/>
        <line num="25" count="1" type="stmt"/>
        <line num="26" count="52" type="cond" truecount="1" falsecount="0"/>
        <line num="27" count="52" type="stmt"/>
        <line num="28" count="52" type="stmt"/>
        <line num="29" count="52" type="stmt"/>
        <line num="30" count="52" type="stmt"/>
        <line num="31" count="52" type="stmt"/>
        <line num="32" count="52" type="stmt"/>
        <line num="33" count="52" type="stmt"/>
        <line num="34" count="52" type="stmt"/>
        <line num="35" count="52" type="stmt"/>
        <line num="36" count="1" type="stmt"/>
        <line num="37" count="1" type="stmt"/>
      </file>
      <file name="textarea.tsx" path="/Users/akibrahim/Downloads/fox-adventures/components/ui/textarea.tsx">
        <metrics statements="18" coveredstatements="18" conditionals="1" coveredconditionals="1" methods="1" coveredmethods="1"/>
        <line num="1" count="1" type="stmt"/>
        <line num="2" count="1" type="stmt"/>
        <line num="3" count="1" type="stmt"/>
        <line num="4" count="1" type="stmt"/>
        <line num="5" count="62" type="cond" truecount="1" falsecount="0"/>
        <line num="6" count="62" type="stmt"/>
        <line num="7" count="62" type="stmt"/>
        <line num="8" count="62" type="stmt"/>
        <line num="9" count="62" type="stmt"/>
        <line num="10" count="62" type="stmt"/>
        <line num="11" count="62" type="stmt"/>
        <line num="12" count="62" type="stmt"/>
        <line num="13" count="62" type="stmt"/>
        <line num="14" count="62" type="stmt"/>
        <line num="15" count="62" type="stmt"/>
        <line num="16" count="62" type="stmt"/>
        <line num="17" count="1" type="stmt"/>
        <line num="18" count="1" type="stmt"/>
      </file>
    </package>
    <package name="lib">
      <metrics statements="122" coveredstatements="122" conditionals="19" coveredconditionals="19" methods="9" coveredmethods="9"/>
      <file name="error-handler.ts" path="/Users/akibrahim/Downloads/fox-adventures/lib/error-handler.ts">
        <metrics statements="76" coveredstatements="76" conditionals="12" coveredconditionals="12" methods="5" coveredmethods="5"/>
        <line num="1" count="1" type="stmt"/>
        <line num="2" count="1" type="stmt"/>
        <line num="3" count="1" type="stmt"/>
        <line num="4" count="1" type="stmt"/>
        <line num="5" count="1" type="stmt"/>
        <line num="6" count="1" type="stmt"/>
        <line num="7" count="1" type="stmt"/>
        <line num="8" count="1" type="stmt"/>
        <line num="9" count="1" type="stmt"/>
        <line num="10" count="1" type="stmt"/>
        <line num="11" count="1" type="stmt"/>
        <line num="12" count="1" type="stmt"/>
        <line num="13" count="1" type="stmt"/>
        <line num="14" count="8" type="cond" truecount="1" falsecount="0"/>
        <line num="15" count="8" type="stmt"/>
        <line num="16" count="8" type="cond" truecount="2" falsecount="0"/>
        <line num="17" count="8" type="stmt"/>
        <line num="18" count="8" type="stmt"/>
        <line num="19" count="8" type="stmt"/>
        <line num="20" count="8" type="stmt"/>
        <line num="21" count="8" type="stmt"/>
        <line num="22" count="8" type="stmt"/>
        <line num="23" count="8" type="stmt"/>
        <line num="24" count="1" type="stmt"/>
        <line num="25" count="1" type="stmt"/>
        <line num="26" count="1" type="stmt"/>
        <line num="27" count="1" type="stmt"/>
        <line num="28" count="3" type="cond" truecount="1" falsecount="0"/>
        <line num="29" count="3" type="stmt"/>
        <line num="30" count="3" type="stmt"/>
        <line num="31" count="3" type="stmt"/>
        <line num="32" count="3" type="stmt"/>
        <line num="33" count="3" type="stmt"/>
        <line num="34" count="3" type="stmt"/>
        <line num="35" count="3" type="stmt"/>
        <line num="36" count="1" type="stmt"/>
        <line num="37" count="1" type="stmt"/>
        <line num="38" count="1" type="stmt"/>
        <line num="39" count="1" type="stmt"/>
        <line num="40" count="5" type="cond" truecount="1" falsecount="0"/>
        <line num="41" count="5" type="cond" truecount="2" falsecount="0"/>
        <line num="42" count="5" type="stmt"/>
        <line num="43" count="5" type="stmt"/>
        <line num="44" count="5" type="cond" truecount="1" falsecount="0"/>
        <line num="45" count="5" type="stmt"/>
        <line num="46" count="5" type="stmt"/>
        <line num="47" count="5" type="stmt"/>
        <line num="48" count="1" type="stmt"/>
        <line num="49" count="1" type="stmt"/>
        <line num="50" count="1" type="stmt"/>
        <line num="51" count="1" type="stmt"/>
        <line num="52" count="4" type="cond" truecount="1" falsecount="0"/>
        <line num="53" count="4" type="stmt"/>
        <line num="54" count="4" type="stmt"/>
        <line num="55" count="4" type="cond" truecount="2" falsecount="0"/>
        <line num="56" count="4" type="stmt"/>
        <line num="57" count="4" type="stmt"/>
        <line num="58" count="4" type="stmt"/>
        <line num="59" count="4" type="stmt"/>
        <line num="60" count="1" type="stmt"/>
        <line num="61" count="1" type="stmt"/>
        <line num="62" count="1" type="stmt"/>
        <line num="63" count="1" type="stmt"/>
        <line num="64" count="7" type="cond" truecount="1" falsecount="0"/>
        <line num="65" count="7" type="stmt"/>
        <line num="66" count="7" type="stmt"/>
        <line num="67" count="7" type="stmt"/>
        <line num="68" count="7" type="stmt"/>
        <line num="69" count="7" type="stmt"/>
        <line num="70" count="7" type="stmt"/>
        <line num="71" count="7" type="stmt"/>
        <line num="72" count="7" type="stmt"/>
        <line num="73" count="7" type="stmt"/>
        <line num="74" count="7" type="stmt"/>
        <line num="75" count="7" type="stmt"/>
        <line num="76" count="7" type="stmt"/>
      </file>
      <file name="sanitize.ts" path="/Users/akibrahim/Downloads/fox-adventures/lib/sanitize.ts">
        <metrics statements="40" coveredstatements="40" conditionals="6" coveredconditionals="6" methods="3" coveredmethods="3"/>
        <line num="1" count="1" type="stmt"/>
        <line num="2" count="1" type="stmt"/>
        <line num="3" count="1" type="stmt"/>
        <line num="4" count="1" type="stmt"/>
        <line num="5" count="1" type="stmt"/>
        <line num="6" count="1" type="stmt"/>
        <line num="7" count="31" type="cond" truecount="1" falsecount="0"/>
        <line num="8" count="31" type="stmt"/>
        <line num="9" count="31" type="stmt"/>
        <line num="10" count="31" type="stmt"/>
        <line num="11" count="31" type="stmt"/>
        <line num="12" count="31" type="stmt"/>
        <line num="13" count="1" type="stmt"/>
        <line num="14" count="1" type="stmt"/>
        <line num="15" count="1" type="stmt"/>
        <line num="16" count="1" type="stmt"/>
        <line num="17" count="1" type="stmt"/>
        <line num="18" count="14" type="cond" truecount="1" falsecount="0"/>
        <line num="19" count="14" type="stmt"/>
        <line num="20" count="14" type="stmt"/>
        <line num="21" count="14" type="stmt"/>
        <line num="22" count="14" type="stmt"/>
        <line num="23" count="14" type="stmt"/>
        <line num="24" count="1" type="stmt"/>
        <line num="25" count="1" type="stmt"/>
        <line num="26" count="1" type="stmt"/>
        <line num="27" count="1" type="stmt"/>
        <line num="28" count="9" type="cond" truecount="1" falsecount="0"/>
        <line num="29" count="9" type="stmt"/>
        <line num="30" count="9" type="stmt"/>
        <line num="31" count="9" type="cond" truecount="1" falsecount="0"/>
        <line num="32" count="27" type="cond" truecount="1" falsecount="0"/>
        <line num="33" count="16" type="stmt"/>
        <line num="34" count="27" type="cond" truecount="1" falsecount="0"/>
        <line num="35" count="11" type="stmt"/>
        <line num="36" count="11" type="stmt"/>
        <line num="37" count="27" type="stmt"/>
        <line num="38" count="9" type="stmt"/>
        <line num="39" count="9" type="stmt"/>
        <line num="40" count="9" type="stmt"/>
      </file>
      <file name="utils.ts" path="/Users/akibrahim/Downloads/fox-adventures/lib/utils.ts">
        <metrics statements="6" coveredstatements="6" conditionals="1" coveredconditionals="1" methods="1" coveredmethods="1"/>
        <line num="1" count="1" type="stmt"/>
        <line num="2" count="1" type="stmt"/>
        <line num="3" count="1" type="stmt"/>
        <line num="4" count="359" type="cond" truecount="1" falsecount="0"/>
        <line num="5" count="359" type="stmt"/>
        <line num="6" count="359" type="stmt"/>
      </file>
    </package>
    <package name="lib.validations">
      <metrics statements="130" coveredstatements="130" conditionals="4" coveredconditionals="4" methods="2" coveredmethods="2"/>
      <file name="booking.ts" path="/Users/akibrahim/Downloads/fox-adventures/lib/validations/booking.ts">
        <metrics statements="72" coveredstatements="72" conditionals="3" coveredconditionals="3" methods="2" coveredmethods="2"/>
        <line num="1" count="1" type="stmt"/>
        <line num="2" count="1" type="stmt"/>
        <line num="3" count="1" type="stmt"/>
        <line num="4" count="1" type="stmt"/>
        <line num="5" count="1" type="stmt"/>
        <line num="6" count="1" type="stmt"/>
        <line num="7" count="1" type="stmt"/>
        <line num="8" count="1" type="stmt"/>
        <line num="9" count="1" type="stmt"/>
        <line num="10" count="1" type="stmt"/>
        <line num="11" count="1" type="stmt"/>
        <line num="12" count="1" type="stmt"/>
        <line num="13" count="1" type="stmt"/>
        <line num="14" count="1" type="stmt"/>
        <line num="15" count="1" type="stmt"/>
        <line num="16" count="1" type="stmt"/>
        <line num="17" count="1" type="stmt"/>
        <line num="18" count="1" type="stmt"/>
        <line num="19" count="1" type="stmt"/>
        <line num="20" count="1" type="stmt"/>
        <line num="21" count="1" type="stmt"/>
        <line num="22" count="1" type="stmt"/>
        <line num="23" count="1" type="stmt"/>
        <line num="24" count="1" type="stmt"/>
        <line num="25" count="1" type="stmt"/>
        <line num="26" count="1" type="stmt"/>
        <line num="27" count="1" type="stmt"/>
        <line num="28" count="1" type="stmt"/>
        <line num="29" count="1" type="stmt"/>
        <line num="30" count="1" type="stmt"/>
        <line num="31" count="1" type="stmt"/>
        <line num="32" count="1" type="stmt"/>
        <line num="33" count="1" type="stmt"/>
        <line num="34" count="1" type="stmt"/>
        <line num="35" count="1" type="stmt"/>
        <line num="36" count="1" type="stmt"/>
        <line num="37" count="1" type="stmt"/>
        <line num="38" count="1" type="stmt"/>
        <line num="39" count="1" type="stmt"/>
        <line num="40" count="1" type="stmt"/>
        <line num="41" count="1" type="stmt"/>
        <line num="42" count="1" type="stmt"/>
        <line num="43" count="1" type="stmt"/>
        <line num="44" count="1" type="stmt"/>
        <line num="45" count="1" type="stmt"/>
        <line num="46" count="1" type="cond" truecount="1" falsecount="0"/>
        <line num="47" count="35" type="stmt"/>
        <line num="48" count="35" type="stmt"/>
        <line num="49" count="1" type="stmt"/>
        <line num="50" count="1" type="stmt"/>
        <line num="51" count="1" type="stmt"/>
        <line num="52" count="1" type="stmt"/>
        <line num="53" count="1" type="stmt"/>
        <line num="54" count="1" type="stmt"/>
        <line num="55" count="1" type="cond" truecount="1" falsecount="0"/>
        <line num="56" count="35" type="stmt"/>
        <line num="57" count="35" type="stmt"/>
        <line num="58" count="35" type="stmt"/>
        <line num="59" count="1" type="stmt"/>
        <line num="60" count="1" type="stmt"/>
        <line num="61" count="1" type="stmt"/>
        <line num="62" count="1" type="cond" truecount="1" falsecount="0"/>
        <line num="63" count="35" type="stmt"/>
        <line num="64" count="35" type="stmt"/>
        <line num="65" count="35" type="stmt"/>
        <line num="66" count="35" type="stmt"/>
        <line num="67" count="1" type="stmt"/>
        <line num="68" count="1" type="stmt"/>
        <line num="69" count="1" type="stmt"/>
        <line num="70" count="1" type="stmt"/>
        <line num="71" count="1" type="stmt"/>
        <line num="72" count="1" type="stmt"/>
      </file>
      <file name="contact.ts" path="/Users/akibrahim/Downloads/fox-adventures/lib/validations/contact.ts">
        <metrics statements="30" coveredstatements="30" conditionals="0" coveredconditionals="0" methods="0" coveredmethods="0"/>
        <line num="1" count="1" type="stmt"/>
        <line num="2" count="1" type="stmt"/>
        <line num="3" count="1" type="stmt"/>
        <line num="4" count="1" type="stmt"/>
        <line num="5" count="1" type="stmt"/>
        <line num="6" count="1" type="stmt"/>
        <line num="7" count="1" type="stmt"/>
        <line num="8" count="1" type="stmt"/>
        <line num="9" count="1" type="stmt"/>
        <line num="10" count="1" type="stmt"/>
        <line num="11" count="1" type="stmt"/>
        <line num="12" count="1" type="stmt"/>
        <line num="13" count="1" type="stmt"/>
        <line num="14" count="1" type="stmt"/>
        <line num="15" count="1" type="stmt"/>
        <line num="16" count="1" type="stmt"/>
        <line num="17" count="1" type="stmt"/>
        <line num="18" count="1" type="stmt"/>
        <line num="19" count="1" type="stmt"/>
        <line num="20" count="1" type="stmt"/>
        <line num="21" count="1" type="stmt"/>
        <line num="22" count="1" type="stmt"/>
        <line num="23" count="1" type="stmt"/>
        <line num="24" count="1" type="stmt"/>
        <line num="25" count="1" type="stmt"/>
        <line num="26" count="1" type="stmt"/>
        <line num="27" count="1" type="stmt"/>
        <line num="28" count="1" type="stmt"/>
        <line num="29" count="1" type="stmt"/>
        <line num="30" count="1" type="stmt"/>
      </file>
      <file name="newsletter.ts" path="/Users/akibrahim/Downloads/fox-adventures/lib/validations/newsletter.ts">
        <metrics statements="28" coveredstatements="28" conditionals="1" coveredconditionals="1" methods="0" coveredmethods="0"/>
        <line num="1" count="1" type="stmt"/>
        <line num="2" count="1" type="stmt"/>
        <line num="3" count="1" type="stmt"/>
        <line num="4" count="1" type="stmt"/>
        <line num="5" count="1" type="stmt"/>
        <line num="6" count="1" type="stmt"/>
        <line num="7" count="1" type="stmt"/>
        <line num="8" count="1" type="stmt"/>
        <line num="9" count="1" type="stmt"/>
        <line num="10" count="1" type="stmt"/>
        <line num="11" count="1" type="stmt"/>
        <line num="12" count="1" type="stmt"/>
        <line num="13" count="1" type="stmt"/>
        <line num="14" count="1" type="stmt"/>
        <line num="15" count="1" type="stmt"/>
        <line num="16" count="1" type="stmt"/>
        <line num="17" count="1" type="stmt"/>
        <line num="18" count="1" type="stmt"/>
        <line num="19" count="1" type="cond" truecount="1" falsecount="0"/>
        <line num="20" count="27" type="stmt"/>
        <line num="21" count="27" type="stmt"/>
        <line num="22" count="1" type="stmt"/>
        <line num="23" count="1" type="stmt"/>
        <line num="24" count="1" type="stmt"/>
        <line num="25" count="1" type="stmt"/>
        <line num="26" count="1" type="stmt"/>
        <line num="27" count="1" type="stmt"/>
        <line num="28" count="1" type="stmt"/>
      </file>
    </package>
  </project>
</coverage>
