TN:
SF:components/trip-card.tsx
FN:21,TripCard
FNF:1
FNH:1
FNDA:49,TripCard
DA:1,1
DA:2,1
DA:3,1
DA:4,1
DA:5,1
DA:6,1
DA:7,1
DA:8,1
DA:9,1
DA:10,1
DA:11,1
DA:12,1
DA:13,1
DA:14,1
DA:15,1
DA:16,1
DA:17,1
DA:18,1
DA:19,1
DA:20,1
DA:21,49
DA:22,49
DA:23,49
DA:24,49
DA:25,49
DA:26,49
DA:27,49
DA:28,49
DA:29,49
DA:30,49
DA:31,49
DA:32,49
DA:33,49
DA:34,49
DA:35,49
DA:36,49
DA:37,49
DA:38,49
DA:39,49
DA:40,49
DA:41,49
DA:42,49
DA:43,49
DA:44,49
DA:45,49
DA:46,49
DA:47,49
DA:48,49
DA:49,49
DA:50,49
DA:51,49
DA:52,49
DA:53,49
DA:54,49
DA:55,49
DA:56,49
DA:57,49
DA:58,49
DA:59,49
DA:60,49
DA:61,49
DA:62,49
DA:63,49
DA:64,49
DA:65,49
DA:66,49
DA:67,49
DA:68,49
DA:69,49
DA:70,49
DA:71,49
DA:72,49
DA:73,49
DA:74,49
DA:75,49
DA:76,49
DA:77,49
DA:78,49
DA:79,49
DA:80,49
DA:81,49
DA:82,49
DA:83,49
DA:84,49
DA:85,49
DA:86,49
DA:87,49
DA:88,49
DA:89,49
DA:90,49
DA:91,49
DA:92,49
DA:93,49
DA:94,49
DA:95,49
DA:96,49
DA:97,49
DA:98,49
DA:99,49
LF:99
LH:99
BRDA:21,0,0,49
BRDA:55,1,0,1
BRF:2
BRH:2
end_of_record
TN:
SF:components/ui/input.tsx
FN:26,Input
FNF:1
FNH:1
FNDA:52,Input
DA:1,1
DA:2,1
DA:3,1
DA:4,1
DA:5,1
DA:6,1
DA:7,1
DA:8,1
DA:9,1
DA:10,1
DA:11,1
DA:12,1
DA:13,1
DA:14,1
DA:15,1
DA:16,1
DA:17,1
DA:18,1
DA:19,1
DA:20,1
DA:21,1
DA:22,1
DA:23,1
DA:24,1
DA:25,1
DA:26,52
DA:27,52
DA:28,52
DA:29,52
DA:30,52
DA:31,52
DA:32,52
DA:33,52
DA:34,52
DA:35,52
DA:36,1
DA:37,1
LF:37
LH:37
BRDA:26,0,0,52
BRF:1
BRH:1
end_of_record
TN:
SF:components/ui/textarea.tsx
FN:5,Textarea
FNF:1
FNH:1
FNDA:62,Textarea
DA:1,1
DA:2,1
DA:3,1
DA:4,1
DA:5,62
DA:6,62
DA:7,62
DA:8,62
DA:9,62
DA:10,62
DA:11,62
DA:12,62
DA:13,62
DA:14,62
DA:15,62
DA:16,62
DA:17,1
DA:18,1
LF:18
LH:18
BRDA:5,0,0,62
BRF:1
BRH:1
end_of_record
TN:
SF:lib/error-handler.ts
FN:14,handleError
FN:28,handleDatabaseError
FN:40,handleValidationError
FN:52,handleRateLimitError
FN:64,logSecurityEvent
FNF:5
FNH:5
FNDA:8,handleError
FNDA:3,handleDatabaseError
FNDA:5,handleValidationError
FNDA:4,handleRateLimitError
FNDA:7,logSecurityEvent
DA:1,1
DA:2,1
DA:3,1
DA:4,1
DA:5,1
DA:6,1
DA:7,1
DA:8,1
DA:9,1
DA:10,1
DA:11,1
DA:12,1
DA:13,1
DA:14,8
DA:15,8
DA:16,8
DA:17,8
DA:18,8
DA:19,8
DA:20,8
DA:21,8
DA:22,8
DA:23,8
DA:24,1
DA:25,1
DA:26,1
DA:27,1
DA:28,3
DA:29,3
DA:30,3
DA:31,3
DA:32,3
DA:33,3
DA:34,3
DA:35,3
DA:36,1
DA:37,1
DA:38,1
DA:39,1
DA:40,5
DA:41,5
DA:42,5
DA:43,5
DA:44,5
DA:45,5
DA:46,5
DA:47,5
DA:48,1
DA:49,1
DA:50,1
DA:51,1
DA:52,4
DA:53,4
DA:54,4
DA:55,4
DA:56,4
DA:57,4
DA:58,4
DA:59,4
DA:60,1
DA:61,1
DA:62,1
DA:63,1
DA:64,7
DA:65,7
DA:66,7
DA:67,7
DA:68,7
DA:69,7
DA:70,7
DA:71,7
DA:72,7
DA:73,7
DA:74,7
DA:75,7
DA:76,7
LF:76
LH:76
BRDA:14,0,0,8
BRDA:16,1,0,1
BRDA:16,2,0,7
BRDA:28,3,0,3
BRDA:40,4,0,5
BRDA:41,5,0,1
BRDA:41,6,0,4
BRDA:44,7,0,3
BRDA:52,8,0,4
BRDA:55,9,0,3
BRDA:55,10,0,1
BRDA:64,11,0,7
BRF:12
BRH:12
end_of_record
TN:
SF:lib/sanitize.ts
FN:7,sanitizeInput
FN:18,sanitizeHTML
FN:28,sanitizeObject
FNF:3
FNH:3
FNDA:31,sanitizeInput
FNDA:14,sanitizeHTML
FNDA:9,sanitizeObject
DA:1,1
DA:2,1
DA:3,1
DA:4,1
DA:5,1
DA:6,1
DA:7,31
DA:8,31
DA:9,31
DA:10,31
DA:11,31
DA:12,31
DA:13,1
DA:14,1
DA:15,1
DA:16,1
DA:17,1
DA:18,14
DA:19,14
DA:20,14
DA:21,14
DA:22,14
DA:23,14
DA:24,1
DA:25,1
DA:26,1
DA:27,1
DA:28,9
DA:29,9
DA:30,9
DA:31,9
DA:32,27
DA:33,16
DA:34,27
DA:35,11
DA:36,11
DA:37,27
DA:38,9
DA:39,9
DA:40,9
LF:40
LH:40
BRDA:7,0,0,31
BRDA:18,1,0,14
BRDA:28,2,0,9
BRDA:31,3,0,27
BRDA:32,4,0,16
BRDA:34,5,0,11
BRF:6
BRH:6
end_of_record
TN:
SF:lib/utils.ts
FN:4,cn
FNF:1
FNH:1
FNDA:359,cn
DA:1,1
DA:2,1
DA:3,1
DA:4,359
DA:5,359
DA:6,359
LF:6
LH:6
BRDA:4,0,0,359
BRF:1
BRH:1
end_of_record
TN:
SF:lib/validations/booking.ts
FN:55,exports.bookingFormSchema.zod_1.z.object.refine.message
FN:62,exports.bookingFormSchema.zod_1.z.object.refine.refine.message
FNF:2
FNH:2
FNDA:35,exports.bookingFormSchema.zod_1.z.object.refine.message
FNDA:35,exports.bookingFormSchema.zod_1.z.object.refine.refine.message
DA:1,1
DA:2,1
DA:3,1
DA:4,1
DA:5,1
DA:6,1
DA:7,1
DA:8,1
DA:9,1
DA:10,1
DA:11,1
DA:12,1
DA:13,1
DA:14,1
DA:15,1
DA:16,1
DA:17,1
DA:18,1
DA:19,1
DA:20,1
DA:21,1
DA:22,1
DA:23,1
DA:24,1
DA:25,1
DA:26,1
DA:27,1
DA:28,1
DA:29,1
DA:30,1
DA:31,1
DA:32,1
DA:33,1
DA:34,1
DA:35,1
DA:36,1
DA:37,1
DA:38,1
DA:39,1
DA:40,1
DA:41,1
DA:42,1
DA:43,1
DA:44,1
DA:45,1
DA:46,1
DA:47,35
DA:48,35
DA:49,1
DA:50,1
DA:51,1
DA:52,1
DA:53,1
DA:54,1
DA:55,1
DA:56,35
DA:57,35
DA:58,35
DA:59,1
DA:60,1
DA:61,1
DA:62,1
DA:63,35
DA:64,35
DA:65,35
DA:66,35
DA:67,1
DA:68,1
DA:69,1
DA:70,1
DA:71,1
DA:72,1
LF:72
LH:72
BRDA:46,0,0,35
BRDA:55,1,0,35
BRDA:62,2,0,35
BRF:3
BRH:3
end_of_record
TN:
SF:lib/validations/contact.ts
FNF:0
FNH:0
DA:1,1
DA:2,1
DA:3,1
DA:4,1
DA:5,1
DA:6,1
DA:7,1
DA:8,1
DA:9,1
DA:10,1
DA:11,1
DA:12,1
DA:13,1
DA:14,1
DA:15,1
DA:16,1
DA:17,1
DA:18,1
DA:19,1
DA:20,1
DA:21,1
DA:22,1
DA:23,1
DA:24,1
DA:25,1
DA:26,1
DA:27,1
DA:28,1
DA:29,1
DA:30,1
LF:30
LH:30
BRF:0
BRH:0
end_of_record
TN:
SF:lib/validations/newsletter.ts
FNF:0
FNH:0
DA:1,1
DA:2,1
DA:3,1
DA:4,1
DA:5,1
DA:6,1
DA:7,1
DA:8,1
DA:9,1
DA:10,1
DA:11,1
DA:12,1
DA:13,1
DA:14,1
DA:15,1
DA:16,1
DA:17,1
DA:18,1
DA:19,1
DA:20,27
DA:21,27
DA:22,1
DA:23,1
DA:24,1
DA:25,1
DA:26,1
DA:27,1
DA:28,1
LF:28
LH:28
BRDA:19,0,0,27
BRF:1
BRH:1
end_of_record
